<?xml version="1.0" encoding="UTF-8"?>
<!-- Generated by org.testng.reporters.JUnitXMLReporter -->
<testsuite hostname="Sreekumar" name="Flipkart Test" tests="9" failures="0" timestamp="19 Mar 2021 10:34:26 GMT" time="243.19" errors="0">
  <testcase name="flipkartLoginTest" time="2.869" classname="com.flipkart.qa.testcases.FlipkartLoginPageTest"/>
  <testcase name="loginLogoTest" time="0.135" classname="com.flipkart.qa.testcases.FlipkartLoginPageTest"/>
  <testcase name="flipkartHomePageLogoTest" time="0.101" classname="com.flipkart.qa.testcases.FlipkartHomePageTest"/>
  <testcase name="flipkartHomePageSearchProductAndSelectTest" time="13.884" classname="com.flipkart.qa.testcases.FlipkartHomePageTest"/>
  <testcase name="flipkartHomePageTitleTest" time="0.082" classname="com.flipkart.qa.testcases.FlipkartHomePageTest"/>
  <testcase name="flipkartHomePageUserDetailsTest" time="3.807" classname="com.flipkart.qa.testcases.FlipkartHomePageTest"/>
  <testcase name="flipkartItemDetailsPageAddToCartTest" time="5.5" classname="com.flipkart.qa.testcases.FlipkartItemDetailsPageTest"/>
  <testcase name="flipkartProceedToCheckoutTest" time="12.55" classname="com.flipkart.qa.testcases.FlipkartCartPageTest"/>
  <testcase name="flipkartCheckOutTest" time="12.455" classname="com.flipkart.qa.testcases.FlipkartCheckOutPageTest"/>
</testsuite> <!-- Flipkart Test -->
