<?xml version="1.0" encoding="UTF-8"?>
<testng-results skipped="0" failed="1" total="9" passed="8">
  <reporter-output>
  </reporter-output>
  <suite name="Flipkart suite" duration-ms="172363" started-at="2021-03-18T10:38:33Z" finished-at="2021-03-18T10:41:26Z">
    <groups>
    </groups>
    <test name="Flipkart Test" duration-ms="172363" started-at="2021-03-18T10:38:33Z" finished-at="2021-03-18T10:41:26Z">
      <class name="com.flipkart.qa.testcases.FlipkartCartPageTest">
        <test-method status="PASS" signature="setup()[pri:0, instance:com.flipkart.qa.testcases.FlipkartCartPageTest@51b279c9]" name="setup" is-config="true" duration-ms="24674" started-at="2021-03-18T16:10:20Z" finished-at="2021-03-18T16:10:45Z">
          <reporter-output>
          </reporter-output>
        </test-method> <!-- setup -->
        <test-method status="FAIL" signature="flipkartProceedToCheckoutTest()[pri:0, instance:com.flipkart.qa.testcases.FlipkartCartPageTest@51b279c9]" name="flipkartProceedToCheckoutTest" duration-ms="1037" started-at="2021-03-18T16:10:45Z" finished-at="2021-03-18T16:10:46Z">
          <exception class="org.openqa.selenium.StaleElementReferenceException">
            <message>
              <![CDATA[stale element reference: element is not attached to the page document
  (Session info: chrome=89.0.4389.90)
For documentation on this error, please visit: https://www.seleniumhq.org/exceptions/stale_element_reference.html
Build info: version: '3.141.59', revision: 'e82be7d358', time: '2018-11-14T08:17:03'
System info: host: 'SREEKUMAR', ip: '192.168.1.100', os.name: 'Windows 10', os.arch: 'amd64', os.version: '10.0', java.version: '1.8.0_281'
Driver info: org.openqa.selenium.chrome.ChromeDriver
Capabilities {acceptInsecureCerts: false, browserName: chrome, browserVersion: 89.0.4389.90, chrome: {chromedriverVersion: 88.0.4324.96 (68dba2d8a0b14..., userDataDir: C:\Users\ADMINI~1\AppData\L...}, goog:chromeOptions: {debuggerAddress: localhost:56886}, javascriptEnabled: true, networkConnectionEnabled: false, pageLoadStrategy: normal, platform: WINDOWS, platformName: WINDOWS, proxy: Proxy(), setWindowRect: true, strictFileInteractability: false, timeouts: {implicit: 0, pageLoad: 300000, script: 30000}, unhandledPromptBehavior: dismiss and notify, webauthn:extension:largeBlob: true, webauthn:virtualAuthenticators: true}
Session ID: b9824bff67d832edbb43ab8cf61a8214]]>
            </message>
            <full-stacktrace>
              <![CDATA[org.openqa.selenium.StaleElementReferenceException: stale element reference: element is not attached to the page document
  (Session info: chrome=89.0.4389.90)
For documentation on this error, please visit: https://www.seleniumhq.org/exceptions/stale_element_reference.html
Build info: version: '3.141.59', revision: 'e82be7d358', time: '2018-11-14T08:17:03'
System info: host: 'SREEKUMAR', ip: '192.168.1.100', os.name: 'Windows 10', os.arch: 'amd64', os.version: '10.0', java.version: '1.8.0_281'
Driver info: org.openqa.selenium.chrome.ChromeDriver
Capabilities {acceptInsecureCerts: false, browserName: chrome, browserVersion: 89.0.4389.90, chrome: {chromedriverVersion: 88.0.4324.96 (68dba2d8a0b14..., userDataDir: C:\Users\ADMINI~1\AppData\L...}, goog:chromeOptions: {debuggerAddress: localhost:56886}, javascriptEnabled: true, networkConnectionEnabled: false, pageLoadStrategy: normal, platform: WINDOWS, platformName: WINDOWS, proxy: Proxy(), setWindowRect: true, strictFileInteractability: false, timeouts: {implicit: 0, pageLoad: 300000, script: 30000}, unhandledPromptBehavior: dismiss and notify, webauthn:extension:largeBlob: true, webauthn:virtualAuthenticators: true}
Session ID: b9824bff67d832edbb43ab8cf61a8214
	at sun.reflect.NativeConstructorAccessorImpl.newInstance0(Native Method)
	at sun.reflect.NativeConstructorAccessorImpl.newInstance(NativeConstructorAccessorImpl.java:62)
	at sun.reflect.DelegatingConstructorAccessorImpl.newInstance(DelegatingConstructorAccessorImpl.java:45)
	at java.lang.reflect.Constructor.newInstance(Constructor.java:423)
	at org.openqa.selenium.remote.http.W3CHttpResponseCodec.createException(W3CHttpResponseCodec.java:187)
	at org.openqa.selenium.remote.http.W3CHttpResponseCodec.decode(W3CHttpResponseCodec.java:122)
	at org.openqa.selenium.remote.http.W3CHttpResponseCodec.decode(W3CHttpResponseCodec.java:49)
	at org.openqa.selenium.remote.HttpCommandExecutor.execute(HttpCommandExecutor.java:158)
	at org.openqa.selenium.remote.service.DriverCommandExecutor.execute(DriverCommandExecutor.java:83)
	at org.openqa.selenium.remote.RemoteWebDriver.execute(RemoteWebDriver.java:552)
	at org.openqa.selenium.remote.RemoteWebElement.execute(RemoteWebElement.java:285)
	at org.openqa.selenium.remote.RemoteWebElement.isDisplayed(RemoteWebElement.java:326)
	at sun.reflect.NativeMethodAccessorImpl.invoke0(Native Method)
	at sun.reflect.NativeMethodAccessorImpl.invoke(NativeMethodAccessorImpl.java:62)
	at sun.reflect.DelegatingMethodAccessorImpl.invoke(DelegatingMethodAccessorImpl.java:43)
	at java.lang.reflect.Method.invoke(Method.java:498)
	at org.openqa.selenium.support.events.EventFiringWebDriver$EventFiringWebElement.lambda$new$0(EventFiringWebDriver.java:404)
	at com.sun.proxy.$Proxy10.isDisplayed(Unknown Source)
	at org.openqa.selenium.support.events.EventFiringWebDriver$EventFiringWebElement.isDisplayed(EventFiringWebDriver.java:470)
	at sun.reflect.NativeMethodAccessorImpl.invoke0(Native Method)
	at sun.reflect.NativeMethodAccessorImpl.invoke(NativeMethodAccessorImpl.java:62)
	at sun.reflect.DelegatingMethodAccessorImpl.invoke(DelegatingMethodAccessorImpl.java:43)
	at java.lang.reflect.Method.invoke(Method.java:498)
	at org.openqa.selenium.support.pagefactory.internal.LocatingElementHandler.invoke(LocatingElementHandler.java:51)
	at com.sun.proxy.$Proxy9.isDisplayed(Unknown Source)
	at org.openqa.selenium.support.ui.ExpectedConditions.elementIfVisible(ExpectedConditions.java:314)
	at org.openqa.selenium.support.ui.ExpectedConditions.access$000(ExpectedConditions.java:43)
	at org.openqa.selenium.support.ui.ExpectedConditions$10.apply(ExpectedConditions.java:300)
	at org.openqa.selenium.support.ui.ExpectedConditions$10.apply(ExpectedConditions.java:297)
	at org.openqa.selenium.support.ui.ExpectedConditions$23.apply(ExpectedConditions.java:670)
	at org.openqa.selenium.support.ui.ExpectedConditions$23.apply(ExpectedConditions.java:666)
	at org.openqa.selenium.support.ui.FluentWait.until(FluentWait.java:249)
	at com.flipkart.qa.util.TestUtil.explicitWaitUntilElementClickable(TestUtil.java:85)
	at com.flipkart.qa.pages.FlipkartCartPage.clickPlaceOrderButton(FlipkartCartPage.java:25)
	at com.flipkart.qa.testcases.FlipkartCartPageTest.flipkartProceedToCheckoutTest(FlipkartCartPageTest.java:52)
	at sun.reflect.NativeMethodAccessorImpl.invoke0(Native Method)
	at sun.reflect.NativeMethodAccessorImpl.invoke(NativeMethodAccessorImpl.java:62)
	at sun.reflect.DelegatingMethodAccessorImpl.invoke(DelegatingMethodAccessorImpl.java:43)
	at java.lang.reflect.Method.invoke(Method.java:498)
	at org.testng.internal.MethodInvocationHelper.invokeMethod(MethodInvocationHelper.java:80)
	at org.testng.internal.Invoker.invokeMethod(Invoker.java:714)
	at org.testng.internal.Invoker.invokeTestMethod(Invoker.java:901)
	at org.testng.internal.Invoker.invokeTestMethods(Invoker.java:1231)
	at org.testng.internal.TestMethodWorker.invokeTestMethods(TestMethodWorker.java:127)
	at org.testng.internal.TestMethodWorker.run(TestMethodWorker.java:111)
	at org.testng.TestRunner.privateRun(TestRunner.java:767)
	at org.testng.TestRunner.run(TestRunner.java:617)
	at org.testng.SuiteRunner.runTest(SuiteRunner.java:334)
	at org.testng.SuiteRunner.runSequentially(SuiteRunner.java:329)
	at org.testng.SuiteRunner.privateRun(SuiteRunner.java:291)
	at org.testng.SuiteRunner.run(SuiteRunner.java:240)
	at org.testng.SuiteRunnerWorker.runSuite(SuiteRunnerWorker.java:52)
	at org.testng.SuiteRunnerWorker.run(SuiteRunnerWorker.java:86)
	at org.testng.TestNG.runSuitesSequentially(TestNG.java:1198)
	at org.testng.TestNG.runSuitesLocally(TestNG.java:1123)
	at org.testng.TestNG.run(TestNG.java:1031)
	at org.apache.maven.surefire.testng.TestNGExecutor.run(TestNGExecutor.java:284)
	at org.apache.maven.surefire.testng.TestNGXmlTestSuite.execute(TestNGXmlTestSuite.java:75)
	at org.apache.maven.surefire.testng.TestNGProvider.invoke(TestNGProvider.java:119)
	at org.apache.maven.surefire.booter.ForkedBooter.runSuitesInProcess(ForkedBooter.java:428)
	at org.apache.maven.surefire.booter.ForkedBooter.execute(ForkedBooter.java:162)
	at org.apache.maven.surefire.booter.ForkedBooter.run(ForkedBooter.java:562)
	at org.apache.maven.surefire.booter.ForkedBooter.main(ForkedBooter.java:548)
]]>
            </full-stacktrace>
          </exception> <!-- org.openqa.selenium.StaleElementReferenceException -->
          <reporter-output>
          </reporter-output>
        </test-method> <!-- flipkartProceedToCheckoutTest -->
        <test-method status="PASS" signature="tearDown()[pri:0, instance:com.flipkart.qa.testcases.FlipkartCartPageTest@51b279c9]" name="tearDown" is-config="true" duration-ms="948" started-at="2021-03-18T16:10:46Z" finished-at="2021-03-18T16:10:47Z">
          <reporter-output>
          </reporter-output>
        </test-method> <!-- tearDown -->
      </class> <!-- com.flipkart.qa.testcases.FlipkartCartPageTest -->
      <class name="com.flipkart.qa.testcases.FlipkartCheckOutPageTest">
        <test-method status="PASS" signature="setup()[pri:0, instance:com.flipkart.qa.testcases.FlipkartCheckOutPageTest@3d0f8e03]" name="setup" is-config="true" duration-ms="33325" started-at="2021-03-18T16:10:47Z" finished-at="2021-03-18T16:11:21Z">
          <reporter-output>
          </reporter-output>
        </test-method> <!-- setup -->
        <test-method status="PASS" signature="flipkartCheckOutTest()[pri:0, instance:com.flipkart.qa.testcases.FlipkartCheckOutPageTest@3d0f8e03]" name="flipkartCheckOutTest" duration-ms="3861" started-at="2021-03-18T16:11:21Z" finished-at="2021-03-18T16:11:25Z">
          <reporter-output>
          </reporter-output>
        </test-method> <!-- flipkartCheckOutTest -->
        <test-method status="PASS" signature="tearDown()[pri:0, instance:com.flipkart.qa.testcases.FlipkartCheckOutPageTest@3d0f8e03]" name="tearDown" is-config="true" duration-ms="887" started-at="2021-03-18T16:11:25Z" finished-at="2021-03-18T16:11:26Z">
          <reporter-output>
          </reporter-output>
        </test-method> <!-- tearDown -->
      </class> <!-- com.flipkart.qa.testcases.FlipkartCheckOutPageTest -->
      <class name="com.flipkart.qa.testcases.FlipkartLoginPageTest">
        <test-method status="PASS" signature="setup()[pri:0, instance:com.flipkart.qa.testcases.FlipkartLoginPageTest@133e16fd]" name="setup" is-config="true" duration-ms="8238" started-at="2021-03-18T16:08:33Z" finished-at="2021-03-18T16:08:42Z">
          <reporter-output>
          </reporter-output>
        </test-method> <!-- setup -->
        <test-method status="PASS" signature="flipkartLoginTest()[pri:0, instance:com.flipkart.qa.testcases.FlipkartLoginPageTest@133e16fd]" name="flipkartLoginTest" duration-ms="1781" started-at="2021-03-18T16:08:42Z" finished-at="2021-03-18T16:08:43Z">
          <reporter-output>
          </reporter-output>
        </test-method> <!-- flipkartLoginTest -->
        <test-method status="PASS" signature="tearDown()[pri:0, instance:com.flipkart.qa.testcases.FlipkartLoginPageTest@133e16fd]" name="tearDown" is-config="true" duration-ms="850" started-at="2021-03-18T16:08:46Z" finished-at="2021-03-18T16:08:47Z">
          <reporter-output>
          </reporter-output>
        </test-method> <!-- tearDown -->
        <test-method status="PASS" signature="setup()[pri:0, instance:com.flipkart.qa.testcases.FlipkartLoginPageTest@133e16fd]" name="setup" is-config="true" duration-ms="7606" started-at="2021-03-18T16:08:47Z" finished-at="2021-03-18T16:08:54Z">
          <reporter-output>
          </reporter-output>
        </test-method> <!-- setup -->
        <test-method status="PASS" signature="loginLogoTest()[pri:0, instance:com.flipkart.qa.testcases.FlipkartLoginPageTest@133e16fd]" name="loginLogoTest" duration-ms="158" started-at="2021-03-18T16:08:54Z" finished-at="2021-03-18T16:08:55Z">
          <reporter-output>
          </reporter-output>
        </test-method> <!-- loginLogoTest -->
        <test-method status="PASS" signature="tearDown()[pri:0, instance:com.flipkart.qa.testcases.FlipkartLoginPageTest@133e16fd]" name="tearDown" is-config="true" duration-ms="808" started-at="2021-03-18T16:08:55Z" finished-at="2021-03-18T16:08:56Z">
          <reporter-output>
          </reporter-output>
        </test-method> <!-- tearDown -->
      </class> <!-- com.flipkart.qa.testcases.FlipkartLoginPageTest -->
      <class name="com.flipkart.qa.testcases.FlipkartHomePageTest">
        <test-method status="PASS" signature="setup()[pri:0, instance:com.flipkart.qa.testcases.FlipkartHomePageTest@1cab0bfb]" name="setup" is-config="true" duration-ms="8664" started-at="2021-03-18T16:08:56Z" finished-at="2021-03-18T16:09:04Z">
          <reporter-output>
          </reporter-output>
        </test-method> <!-- setup -->
        <test-method status="PASS" signature="flipkartHomePageLogoTest()[pri:0, instance:com.flipkart.qa.testcases.FlipkartHomePageTest@1cab0bfb]" name="flipkartHomePageLogoTest" duration-ms="100" started-at="2021-03-18T16:09:04Z" finished-at="2021-03-18T16:09:05Z">
          <reporter-output>
          </reporter-output>
        </test-method> <!-- flipkartHomePageLogoTest -->
        <test-method status="PASS" signature="tearDown()[pri:0, instance:com.flipkart.qa.testcases.FlipkartHomePageTest@1cab0bfb]" name="tearDown" is-config="true" duration-ms="1348" started-at="2021-03-18T16:09:06Z" finished-at="2021-03-18T16:09:08Z">
          <reporter-output>
          </reporter-output>
        </test-method> <!-- tearDown -->
        <test-method status="PASS" signature="setup()[pri:0, instance:com.flipkart.qa.testcases.FlipkartHomePageTest@1cab0bfb]" name="setup" is-config="true" duration-ms="8316" started-at="2021-03-18T16:09:08Z" finished-at="2021-03-18T16:09:16Z">
          <reporter-output>
          </reporter-output>
        </test-method> <!-- setup -->
        <test-method status="PASS" signature="flipkartHomePageSearchProductAndSelectTest()[pri:0, instance:com.flipkart.qa.testcases.FlipkartHomePageTest@1cab0bfb]" name="flipkartHomePageSearchProductAndSelectTest" duration-ms="15527" started-at="2021-03-18T16:09:16Z" finished-at="2021-03-18T16:09:32Z">
          <reporter-output>
          </reporter-output>
        </test-method> <!-- flipkartHomePageSearchProductAndSelectTest -->
        <test-method status="PASS" signature="tearDown()[pri:0, instance:com.flipkart.qa.testcases.FlipkartHomePageTest@1cab0bfb]" name="tearDown" is-config="true" duration-ms="837" started-at="2021-03-18T16:09:32Z" finished-at="2021-03-18T16:09:33Z">
          <reporter-output>
          </reporter-output>
        </test-method> <!-- tearDown -->
        <test-method status="PASS" signature="setup()[pri:0, instance:com.flipkart.qa.testcases.FlipkartHomePageTest@1cab0bfb]" name="setup" is-config="true" duration-ms="6887" started-at="2021-03-18T16:09:33Z" finished-at="2021-03-18T16:09:40Z">
          <reporter-output>
          </reporter-output>
        </test-method> <!-- setup -->
        <test-method status="PASS" signature="flipkartHomePageTitleTest()[pri:0, instance:com.flipkart.qa.testcases.FlipkartHomePageTest@1cab0bfb]" name="flipkartHomePageTitleTest" duration-ms="53" started-at="2021-03-18T16:09:40Z" finished-at="2021-03-18T16:09:40Z">
          <reporter-output>
          </reporter-output>
        </test-method> <!-- flipkartHomePageTitleTest -->
        <test-method status="PASS" signature="tearDown()[pri:0, instance:com.flipkart.qa.testcases.FlipkartHomePageTest@1cab0bfb]" name="tearDown" is-config="true" duration-ms="842" started-at="2021-03-18T16:09:41Z" finished-at="2021-03-18T16:09:42Z">
          <reporter-output>
          </reporter-output>
        </test-method> <!-- tearDown -->
        <test-method status="PASS" signature="setup()[pri:0, instance:com.flipkart.qa.testcases.FlipkartHomePageTest@1cab0bfb]" name="setup" is-config="true" duration-ms="8044" started-at="2021-03-18T16:09:42Z" finished-at="2021-03-18T16:09:50Z">
          <reporter-output>
          </reporter-output>
        </test-method> <!-- setup -->
        <test-method status="PASS" signature="flipkartHomePageUserDetailsTest()[pri:0, instance:com.flipkart.qa.testcases.FlipkartHomePageTest@1cab0bfb]" name="flipkartHomePageUserDetailsTest" duration-ms="3663" started-at="2021-03-18T16:09:50Z" finished-at="2021-03-18T16:09:54Z">
          <reporter-output>
          </reporter-output>
        </test-method> <!-- flipkartHomePageUserDetailsTest -->
        <test-method status="PASS" signature="tearDown()[pri:0, instance:com.flipkart.qa.testcases.FlipkartHomePageTest@1cab0bfb]" name="tearDown" is-config="true" duration-ms="1213" started-at="2021-03-18T16:09:55Z" finished-at="2021-03-18T16:09:56Z">
          <reporter-output>
          </reporter-output>
        </test-method> <!-- tearDown -->
      </class> <!-- com.flipkart.qa.testcases.FlipkartHomePageTest -->
      <class name="com.flipkart.qa.testcases.FlipkartItemDetailsPageTest">
        <test-method status="PASS" signature="setup()[pri:0, instance:com.flipkart.qa.testcases.FlipkartItemDetailsPageTest@5e955596]" name="setup" is-config="true" duration-ms="19027" started-at="2021-03-18T16:09:56Z" finished-at="2021-03-18T16:10:15Z">
          <reporter-output>
          </reporter-output>
        </test-method> <!-- setup -->
        <test-method status="PASS" signature="flipkartItemDetailsPageAddToCartTest()[pri:0, instance:com.flipkart.qa.testcases.FlipkartItemDetailsPageTest@5e955596]" name="flipkartItemDetailsPageAddToCartTest" duration-ms="4242" started-at="2021-03-18T16:10:15Z" finished-at="2021-03-18T16:10:19Z">
          <reporter-output>
          </reporter-output>
        </test-method> <!-- flipkartItemDetailsPageAddToCartTest -->
        <test-method status="PASS" signature="tearDown()[pri:0, instance:com.flipkart.qa.testcases.FlipkartItemDetailsPageTest@5e955596]" name="tearDown" is-config="true" duration-ms="863" started-at="2021-03-18T16:10:19Z" finished-at="2021-03-18T16:10:20Z">
          <reporter-output>
          </reporter-output>
        </test-method> <!-- tearDown -->
      </class> <!-- com.flipkart.qa.testcases.FlipkartItemDetailsPageTest -->
    </test> <!-- Flipkart Test -->
  </suite> <!-- Flipkart suite -->
</testng-results>
