<?xml version="1.0" encoding="UTF-8"?>
<testsuite xmlns:xsi="http://www.w3.org/2001/XMLSchema-instance" xsi:noNamespaceSchemaLocation="https://maven.apache.org/surefire/maven-surefire-plugin/xsd/surefire-test-report-3.0.xsd" version="3.0" name="TestSuite" time="174.068" tests="9" errors="0" skipped="0" failures="1">
  <properties>
[...]
</properties>
  <testcase name="flipkartLoginTest" classname="com.flipkart.qa.testcases.FlipkartLoginPageTest" time="1.721">
    <system-out><![CDATA[Directory already exists: D:\eclipse workspace\FlipkartAutomationTest\TestReport
Directory already exists: D:\eclipse workspace\FlipkartAutomationTest\TestReport\Screenshots
D:\eclipse workspace\FlipkartAutomationTest\TestReport\Extent-Report.html
*** Test Suite Flipkart Test started ***
D:\eclipse workspace\FlipkartAutomationTest\TestReport\Screenshots\flipkartCheckOutTest.png
Before navigating to: 'https://www.flipkart.com/'
Navigated to:'https://www.flipkart.com/'
*** Running test method flipkartLoginTest...
Trying to find Element By : By.xpath: //input[@class='_2IX_2- VJZDxU']
Found Element By : By.xpath: //input[@class='_2IX_2- VJZDxU']
Trying to find Element By : By.xpath: //input[@class='_2IX_2- _3mctLh VJZDxU']
Found Element By : By.xpath: //input[@class='_2IX_2- _3mctLh VJZDxU']
Trying to find Element By : By.xpath: //button[@class='_2KpZ6l _2HKlqd _3AWRsL']
Found Element By : By.xpath: //button[@class='_2KpZ6l _2HKlqd _3AWRsL']
Trying to click on: [[ChromeDriver: chrome on WINDOWS (f7b8d11fc2407a9f9feeee69e760c8f1)] -> xpath: //button[@class='_2KpZ6l _2HKlqd _3AWRsL']]
Clicked on: [[ChromeDriver: chrome on WINDOWS (f7b8d11fc2407a9f9feeee69e760c8f1)] -> xpath: //button[@class='_2KpZ6l _2HKlqd _3AWRsL']]
]]></system-out>
    <system-err><![CDATA[Starting ChromeDriver 88.0.4324.96 (68dba2d8a0b149a1d3afac56fa74648032bcf46b-refs/branch-heads/4324@{#1784}) on port 18609
Only local connections are allowed.
Please see https://chromedriver.chromium.org/security-considerations for suggestions on keeping ChromeDriver safe.
ChromeDriver was started successfully.
[1616063916.752][WARNING]: This version of ChromeDriver has not been tested with Chrome version 89.
Mar 18, 2021 4:08:36 PM org.openqa.selenium.remote.ProtocolHandshake createSession
INFO: Detected dialect: W3C
]]></system-err>
  </testcase>
  <testcase name="loginLogoTest" classname="com.flipkart.qa.testcases.FlipkartLoginPageTest" time="0.035">
    <system-out><![CDATA[*** Executed flipkartLoginTest test successfully...
Before navigating to: 'https://www.flipkart.com/'
Navigated to:'https://www.flipkart.com/'
*** Running test method loginLogoTest...
Trying to find Element By : By.xpath: //span[@class='_36KMOx']
Found Element By : By.xpath: //span[@class='_36KMOx']
]]></system-out>
    <system-err><![CDATA[Starting ChromeDriver 88.0.4324.96 (68dba2d8a0b149a1d3afac56fa74648032bcf46b-refs/branch-heads/4324@{#1784}) on port 4668
Only local connections are allowed.
Please see https://chromedriver.chromium.org/security-considerations for suggestions on keeping ChromeDriver safe.
ChromeDriver was started successfully.
[1616063929.123][WARNING]: This version of ChromeDriver has not been tested with Chrome version 89.
Mar 18, 2021 4:08:49 PM org.openqa.selenium.remote.ProtocolHandshake createSession
INFO: Detected dialect: W3C
]]></system-err>
  </testcase>
  <testcase name="flipkartHomePageLogoTest" classname="com.flipkart.qa.testcases.FlipkartHomePageTest" time="0.084">
    <system-out><![CDATA[*** Executed loginLogoTest test successfully...
Before navigating to: 'https://www.flipkart.com/'
Navigated to:'https://www.flipkart.com/'
Trying to find Element By : By.xpath: //input[@class='_2IX_2- VJZDxU']
Found Element By : By.xpath: //input[@class='_2IX_2- VJZDxU']
Trying to find Element By : By.xpath: //input[@class='_2IX_2- _3mctLh VJZDxU']
Found Element By : By.xpath: //input[@class='_2IX_2- _3mctLh VJZDxU']
Trying to find Element By : By.xpath: //button[@class='_2KpZ6l _2HKlqd _3AWRsL']
Found Element By : By.xpath: //button[@class='_2KpZ6l _2HKlqd _3AWRsL']
Trying to click on: [[ChromeDriver: chrome on WINDOWS (d6847103eb2ca765d422269f9a6b4bb1)] -> xpath: //button[@class='_2KpZ6l _2HKlqd _3AWRsL']]
Clicked on: [[ChromeDriver: chrome on WINDOWS (d6847103eb2ca765d422269f9a6b4bb1)] -> xpath: //button[@class='_2KpZ6l _2HKlqd _3AWRsL']]
*** Running test method flipkartHomePageLogoTest...
Trying to find Element By : By.xpath: //img[@title='Flipkart']
Found Element By : By.xpath: //img[@title='Flipkart']
]]></system-out>
    <system-err><![CDATA[Starting ChromeDriver 88.0.4324.96 (68dba2d8a0b149a1d3afac56fa74648032bcf46b-refs/branch-heads/4324@{#1784}) on port 42464
Only local connections are allowed.
Please see https://chromedriver.chromium.org/security-considerations for suggestions on keeping ChromeDriver safe.
ChromeDriver was started successfully.
[1616063938.456][WARNING]: This version of ChromeDriver has not been tested with Chrome version 89.
Mar 18, 2021 4:08:58 PM org.openqa.selenium.remote.ProtocolHandshake createSession
INFO: Detected dialect: W3C
]]></system-err>
  </testcase>
  <testcase name="flipkartHomePageSearchProductAndSelectTest" classname="com.flipkart.qa.testcases.FlipkartHomePageTest" time="15.503">
    <system-out><![CDATA[*** Executed flipkartHomePageLogoTest test successfully...
Before navigating to: 'https://www.flipkart.com/'
Navigated to:'https://www.flipkart.com/'
Trying to find Element By : By.xpath: //input[@class='_2IX_2- VJZDxU']
Found Element By : By.xpath: //input[@class='_2IX_2- VJZDxU']
Trying to find Element By : By.xpath: //input[@class='_2IX_2- _3mctLh VJZDxU']
Found Element By : By.xpath: //input[@class='_2IX_2- _3mctLh VJZDxU']
Trying to find Element By : By.xpath: //button[@class='_2KpZ6l _2HKlqd _3AWRsL']
Found Element By : By.xpath: //button[@class='_2KpZ6l _2HKlqd _3AWRsL']
Trying to click on: [[ChromeDriver: chrome on WINDOWS (f7085e09e92ebd3e36426d74833901ad)] -> xpath: //button[@class='_2KpZ6l _2HKlqd _3AWRsL']]
Clicked on: [[ChromeDriver: chrome on WINDOWS (f7085e09e92ebd3e36426d74833901ad)] -> xpath: //button[@class='_2KpZ6l _2HKlqd _3AWRsL']]
*** Running test method flipkartHomePageSearchProductAndSelectTest...
Trying to find Element By : By.xpath: //input[@class='_3704LK' and @title='Search for products, brands and more']
Found Element By : By.xpath: //input[@class='_3704LK' and @title='Search for products, brands and more']
Trying to find Element By : By.xpath: //button[@class='L0Z3Pu']
Found Element By : By.xpath: //button[@class='L0Z3Pu']
Trying to click on: [[ChromeDriver: chrome on WINDOWS (f7085e09e92ebd3e36426d74833901ad)] -> xpath: //button[@class='L0Z3Pu']]
Clicked on: [[ChromeDriver: chrome on WINDOWS (f7085e09e92ebd3e36426d74833901ad)] -> xpath: //button[@class='L0Z3Pu']]
Trying to find Element By : By.xpath: //div[text()='APPLE iPhone 11 (White, 64 GB)']
Found Element By : By.xpath: //div[text()='APPLE iPhone 11 (White, 64 GB)']
There are no children
]]></system-out>
    <system-err><![CDATA[Starting ChromeDriver 88.0.4324.96 (68dba2d8a0b149a1d3afac56fa74648032bcf46b-refs/branch-heads/4324@{#1784}) on port 37939
Only local connections are allowed.
Please see https://chromedriver.chromium.org/security-considerations for suggestions on keeping ChromeDriver safe.
ChromeDriver was started successfully.
[1616063950.057][WARNING]: This version of ChromeDriver has not been tested with Chrome version 89.
Mar 18, 2021 4:09:10 PM org.openqa.selenium.remote.ProtocolHandshake createSession
INFO: Detected dialect: W3C
]]></system-err>
  </testcase>
  <testcase name="flipkartHomePageTitleTest" classname="com.flipkart.qa.testcases.FlipkartHomePageTest" time="0.017">
    <system-out><![CDATA[*** Executed flipkartHomePageSearchProductAndSelectTest test successfully...
Before navigating to: 'https://www.flipkart.com/'
Navigated to:'https://www.flipkart.com/'
Trying to find Element By : By.xpath: //input[@class='_2IX_2- VJZDxU']
Found Element By : By.xpath: //input[@class='_2IX_2- VJZDxU']
Trying to find Element By : By.xpath: //input[@class='_2IX_2- _3mctLh VJZDxU']
Found Element By : By.xpath: //input[@class='_2IX_2- _3mctLh VJZDxU']
Trying to find Element By : By.xpath: //button[@class='_2KpZ6l _2HKlqd _3AWRsL']
Found Element By : By.xpath: //button[@class='_2KpZ6l _2HKlqd _3AWRsL']
Trying to click on: [[ChromeDriver: chrome on WINDOWS (1ee0e664707f53bf63d197600e237cac)] -> xpath: //button[@class='_2KpZ6l _2HKlqd _3AWRsL']]
Clicked on: [[ChromeDriver: chrome on WINDOWS (1ee0e664707f53bf63d197600e237cac)] -> xpath: //button[@class='_2KpZ6l _2HKlqd _3AWRsL']]
*** Running test method flipkartHomePageTitleTest...
]]></system-out>
    <system-err><![CDATA[Starting ChromeDriver 88.0.4324.96 (68dba2d8a0b149a1d3afac56fa74648032bcf46b-refs/branch-heads/4324@{#1784}) on port 18371
Only local connections are allowed.
Please see https://chromedriver.chromium.org/security-considerations for suggestions on keeping ChromeDriver safe.
ChromeDriver was started successfully.
[1616063974.981][WARNING]: This version of ChromeDriver has not been tested with Chrome version 89.
Mar 18, 2021 4:09:35 PM org.openqa.selenium.remote.ProtocolHandshake createSession
INFO: Detected dialect: W3C
]]></system-err>
  </testcase>
  <testcase name="flipkartHomePageUserDetailsTest" classname="com.flipkart.qa.testcases.FlipkartHomePageTest" time="3.643">
    <system-out><![CDATA[*** Executed flipkartHomePageTitleTest test successfully...
Before navigating to: 'https://www.flipkart.com/'
Navigated to:'https://www.flipkart.com/'
Trying to find Element By : By.xpath: //input[@class='_2IX_2- VJZDxU']
Found Element By : By.xpath: //input[@class='_2IX_2- VJZDxU']
Trying to find Element By : By.xpath: //input[@class='_2IX_2- _3mctLh VJZDxU']
Found Element By : By.xpath: //input[@class='_2IX_2- _3mctLh VJZDxU']
Trying to find Element By : By.xpath: //button[@class='_2KpZ6l _2HKlqd _3AWRsL']
Found Element By : By.xpath: //button[@class='_2KpZ6l _2HKlqd _3AWRsL']
Trying to click on: [[ChromeDriver: chrome on WINDOWS (cf203456f5f3a70f9a1ead941c68598d)] -> xpath: //button[@class='_2KpZ6l _2HKlqd _3AWRsL']]
Clicked on: [[ChromeDriver: chrome on WINDOWS (cf203456f5f3a70f9a1ead941c68598d)] -> xpath: //button[@class='_2KpZ6l _2HKlqd _3AWRsL']]
*** Running test method flipkartHomePageUserDetailsTest...
Trying to find Element By : By.xpath: //div[text()='Sachin']
Found Element By : By.xpath: //div[text()='Sachin']
]]></system-out>
    <system-err><![CDATA[Starting ChromeDriver 88.0.4324.96 (68dba2d8a0b149a1d3afac56fa74648032bcf46b-refs/branch-heads/4324@{#1784}) on port 47284
Only local connections are allowed.
Please see https://chromedriver.chromium.org/security-considerations for suggestions on keeping ChromeDriver safe.
ChromeDriver was started successfully.
[1616063984.346][WARNING]: This version of ChromeDriver has not been tested with Chrome version 89.
Mar 18, 2021 4:09:44 PM org.openqa.selenium.remote.ProtocolHandshake createSession
INFO: Detected dialect: W3C
]]></system-err>
  </testcase>
  <testcase name="flipkartItemDetailsPageAddToCartTest" classname="com.flipkart.qa.testcases.FlipkartItemDetailsPageTest" time="4.234">
    <system-out><![CDATA[*** Executed flipkartHomePageUserDetailsTest test successfully...
Before navigating to: 'https://www.flipkart.com/'
Navigated to:'https://www.flipkart.com/'
Trying to find Element By : By.xpath: //input[@class='_2IX_2- VJZDxU']
Found Element By : By.xpath: //input[@class='_2IX_2- VJZDxU']
Trying to find Element By : By.xpath: //input[@class='_2IX_2- _3mctLh VJZDxU']
Found Element By : By.xpath: //input[@class='_2IX_2- _3mctLh VJZDxU']
Trying to find Element By : By.xpath: //button[@class='_2KpZ6l _2HKlqd _3AWRsL']
Found Element By : By.xpath: //button[@class='_2KpZ6l _2HKlqd _3AWRsL']
Trying to click on: [[ChromeDriver: chrome on WINDOWS (5ecca917adc536b946e0b35ed3be67c9)] -> xpath: //button[@class='_2KpZ6l _2HKlqd _3AWRsL']]
Clicked on: [[ChromeDriver: chrome on WINDOWS (5ecca917adc536b946e0b35ed3be67c9)] -> xpath: //button[@class='_2KpZ6l _2HKlqd _3AWRsL']]
Trying to find Element By : By.xpath: //input[@class='_3704LK' and @title='Search for products, brands and more']
Found Element By : By.xpath: //input[@class='_3704LK' and @title='Search for products, brands and more']
Trying to find Element By : By.xpath: //button[@class='L0Z3Pu']
Found Element By : By.xpath: //button[@class='L0Z3Pu']
Trying to click on: [[ChromeDriver: chrome on WINDOWS (5ecca917adc536b946e0b35ed3be67c9)] -> xpath: //button[@class='L0Z3Pu']]
Clicked on: [[ChromeDriver: chrome on WINDOWS (5ecca917adc536b946e0b35ed3be67c9)] -> xpath: //button[@class='L0Z3Pu']]
Trying to find Element By : By.xpath: //div[text()='APPLE iPhone 11 (White, 64 GB)']
Found Element By : By.xpath: //div[text()='APPLE iPhone 11 (White, 64 GB)']
Trying to find Element By : By.xpath: //div[text()='APPLE iPhone 11 (White, 64 GB)']
Found Element By : By.xpath: //div[text()='APPLE iPhone 11 (White, 64 GB)']
Trying to click on: [[ChromeDriver: chrome on WINDOWS (5ecca917adc536b946e0b35ed3be67c9)] -> xpath: //div[text()='APPLE iPhone 11 (White, 64 GB)']]
Clicked on: [[ChromeDriver: chrome on WINDOWS (5ecca917adc536b946e0b35ed3be67c9)] -> xpath: //div[text()='APPLE iPhone 11 (White, 64 GB)']]
There are no children
The child window is CDwindow-5A85E9E04292F4B1C501F00372750063
*** Running test method flipkartItemDetailsPageAddToCartTest...
Trying to find Element By : By.xpath: //button[text()='GO TO CART']
Found Element By : By.xpath: //button[text()='GO TO CART']
Trying to click on: [[ChromeDriver: chrome on WINDOWS (5ecca917adc536b946e0b35ed3be67c9)] -> xpath: //button[text()='GO TO CART']]
Clicked on: [[ChromeDriver: chrome on WINDOWS (5ecca917adc536b946e0b35ed3be67c9)] -> xpath: //button[text()='GO TO CART']]
]]></system-out>
    <system-err><![CDATA[Starting ChromeDriver 88.0.4324.96 (68dba2d8a0b149a1d3afac56fa74648032bcf46b-refs/branch-heads/4324@{#1784}) on port 35322
Only local connections are allowed.
Please see https://chromedriver.chromium.org/security-considerations for suggestions on keeping ChromeDriver safe.
ChromeDriver was started successfully.
[1616063997.723][WARNING]: This version of ChromeDriver has not been tested with Chrome version 89.
Mar 18, 2021 4:09:57 PM org.openqa.selenium.remote.ProtocolHandshake createSession
INFO: Detected dialect: W3C
]]></system-err>
  </testcase>
  <testcase name="flipkartProceedToCheckoutTest" classname="com.flipkart.qa.testcases.FlipkartCartPageTest" time="1.061">
    <failure message="stale element reference: element is not attached to the page document&#10;  (Session info: chrome=89.0.4389.90)&#10;For documentation on this error, please visit: https://www.seleniumhq.org/exceptions/stale_element_reference.html&#10;Build info: version: &apos;3.141.59&apos;, revision: &apos;e82be7d358&apos;, time: &apos;2018-11-14T08:17:03&apos;&#10;System info: host: &apos;SREEKUMAR&apos;, ip: &apos;192.168.1.100&apos;, os.name: &apos;Windows 10&apos;, os.arch: &apos;amd64&apos;, os.version: &apos;10.0&apos;, java.version: &apos;1.8.0_281&apos;&#10;Driver info: org.openqa.selenium.chrome.ChromeDriver&#10;Capabilities {acceptInsecureCerts: false, browserName: chrome, browserVersion: 89.0.4389.90, chrome: {chromedriverVersion: 88.0.4324.96 (68dba2d8a0b14..., userDataDir: C:\Users\ADMINI~1\AppData\L...}, goog:chromeOptions: {debuggerAddress: localhost:56886}, javascriptEnabled: true, networkConnectionEnabled: false, pageLoadStrategy: normal, platform: WINDOWS, platformName: WINDOWS, proxy: Proxy(), setWindowRect: true, strictFileInteractability: false, timeouts: {implicit: 0, pageLoad: 300000, script: 30000}, unhandledPromptBehavior: dismiss and notify, webauthn:extension:largeBlob: true, webauthn:virtualAuthenticators: true}&#10;Session ID: b9824bff67d832edbb43ab8cf61a8214" type="org.openqa.selenium.StaleElementReferenceException"><![CDATA[org.openqa.selenium.StaleElementReferenceException: 
stale element reference: element is not attached to the page document
  (Session info: chrome=89.0.4389.90)
For documentation on this error, please visit: https://www.seleniumhq.org/exceptions/stale_element_reference.html
Build info: version: '3.141.59', revision: 'e82be7d358', time: '2018-11-14T08:17:03'
System info: host: 'SREEKUMAR', ip: '192.168.1.100', os.name: 'Windows 10', os.arch: 'amd64', os.version: '10.0', java.version: '1.8.0_281'
Driver info: org.openqa.selenium.chrome.ChromeDriver
Capabilities {acceptInsecureCerts: false, browserName: chrome, browserVersion: 89.0.4389.90, chrome: {chromedriverVersion: 88.0.4324.96 (68dba2d8a0b14..., userDataDir: C:\Users\ADMINI~1\AppData\L...}, goog:chromeOptions: {debuggerAddress: localhost:56886}, javascriptEnabled: true, networkConnectionEnabled: false, pageLoadStrategy: normal, platform: WINDOWS, platformName: WINDOWS, proxy: Proxy(), setWindowRect: true, strictFileInteractability: false, timeouts: {implicit: 0, pageLoad: 300000, script: 30000}, unhandledPromptBehavior: dismiss and notify, webauthn:extension:largeBlob: true, webauthn:virtualAuthenticators: true}
Session ID: b9824bff67d832edbb43ab8cf61a8214
	at com.flipkart.qa.testcases.FlipkartCartPageTest.flipkartProceedToCheckoutTest(FlipkartCartPageTest.java:52)
]]></failure>
    <system-out><![CDATA[*** Executed flipkartItemDetailsPageAddToCartTest test successfully...
Before navigating to: 'https://www.flipkart.com/'
Navigated to:'https://www.flipkart.com/'
Trying to find Element By : By.xpath: //input[@class='_2IX_2- VJZDxU']
Found Element By : By.xpath: //input[@class='_2IX_2- VJZDxU']
Trying to find Element By : By.xpath: //input[@class='_2IX_2- _3mctLh VJZDxU']
Found Element By : By.xpath: //input[@class='_2IX_2- _3mctLh VJZDxU']
Trying to find Element By : By.xpath: //button[@class='_2KpZ6l _2HKlqd _3AWRsL']
Found Element By : By.xpath: //button[@class='_2KpZ6l _2HKlqd _3AWRsL']
Trying to click on: [[ChromeDriver: chrome on WINDOWS (b9824bff67d832edbb43ab8cf61a8214)] -> xpath: //button[@class='_2KpZ6l _2HKlqd _3AWRsL']]
Clicked on: [[ChromeDriver: chrome on WINDOWS (b9824bff67d832edbb43ab8cf61a8214)] -> xpath: //button[@class='_2KpZ6l _2HKlqd _3AWRsL']]
Trying to find Element By : By.xpath: //input[@class='_3704LK' and @title='Search for products, brands and more']
Found Element By : By.xpath: //input[@class='_3704LK' and @title='Search for products, brands and more']
Trying to find Element By : By.xpath: //button[@class='L0Z3Pu']
Found Element By : By.xpath: //button[@class='L0Z3Pu']
Trying to click on: [[ChromeDriver: chrome on WINDOWS (b9824bff67d832edbb43ab8cf61a8214)] -> xpath: //button[@class='L0Z3Pu']]
Clicked on: [[ChromeDriver: chrome on WINDOWS (b9824bff67d832edbb43ab8cf61a8214)] -> xpath: //button[@class='L0Z3Pu']]
Trying to find Element By : By.xpath: //div[text()='APPLE iPhone 11 (White, 64 GB)']
Found Element By : By.xpath: //div[text()='APPLE iPhone 11 (White, 64 GB)']
Trying to find Element By : By.xpath: //div[text()='APPLE iPhone 11 (White, 64 GB)']
Found Element By : By.xpath: //div[text()='APPLE iPhone 11 (White, 64 GB)']
Trying to click on: [[ChromeDriver: chrome on WINDOWS (b9824bff67d832edbb43ab8cf61a8214)] -> xpath: //div[text()='APPLE iPhone 11 (White, 64 GB)']]
Clicked on: [[ChromeDriver: chrome on WINDOWS (b9824bff67d832edbb43ab8cf61a8214)] -> xpath: //div[text()='APPLE iPhone 11 (White, 64 GB)']]
There are no children
The child window is CDwindow-FF20DAC2096D26EBC9F60CEC3F185863
Trying to find Element By : By.xpath: //button[text()='GO TO CART']
Found Element By : By.xpath: //button[text()='GO TO CART']
Trying to click on: [[ChromeDriver: chrome on WINDOWS (b9824bff67d832edbb43ab8cf61a8214)] -> xpath: //button[text()='GO TO CART']]
Clicked on: [[ChromeDriver: chrome on WINDOWS (b9824bff67d832edbb43ab8cf61a8214)] -> xpath: //button[text()='GO TO CART']]
*** Running test method flipkartProceedToCheckoutTest...
inside wait
Trying to find Element By : By.xpath: //button[@class='_2KpZ6l _2ObVJD _3AWRsL']
Found Element By : By.xpath: //button[@class='_2KpZ6l _2ObVJD _3AWRsL']
Exception occured: org.openqa.selenium.StaleElementReferenceException: stale element reference: element is not attached to the page document
  (Session info: chrome=89.0.4389.90)
For documentation on this error, please visit: https://www.seleniumhq.org/exceptions/stale_element_reference.html
Build info: version: '3.141.59', revision: 'e82be7d358', time: '2018-11-14T08:17:03'
System info: host: 'SREEKUMAR', ip: '192.168.1.100', os.name: 'Windows 10', os.arch: 'amd64', os.version: '10.0', java.version: '1.8.0_281'
Driver info: org.openqa.selenium.chrome.ChromeDriver
Capabilities {acceptInsecureCerts: false, browserName: chrome, browserVersion: 89.0.4389.90, chrome: {chromedriverVersion: 88.0.4324.96 (68dba2d8a0b14..., userDataDir: C:\Users\ADMINI~1\AppData\L...}, goog:chromeOptions: {debuggerAddress: localhost:56886}, javascriptEnabled: true, networkConnectionEnabled: false, pageLoadStrategy: normal, platform: WINDOWS, platformName: WINDOWS, proxy: Proxy(), setWindowRect: true, strictFileInteractability: false, timeouts: {implicit: 0, pageLoad: 300000, script: 30000}, unhandledPromptBehavior: dismiss and notify, webauthn:extension:largeBlob: true, webauthn:virtualAuthenticators: true}
Session ID: b9824bff67d832edbb43ab8cf61a8214
]]></system-out>
    <system-err><![CDATA[Starting ChromeDriver 88.0.4324.96 (68dba2d8a0b149a1d3afac56fa74648032bcf46b-refs/branch-heads/4324@{#1784}) on port 43846
Only local connections are allowed.
Please see https://chromedriver.chromium.org/security-considerations for suggestions on keeping ChromeDriver safe.
ChromeDriver was started successfully.
[1616064022.927][WARNING]: This version of ChromeDriver has not been tested with Chrome version 89.
Mar 18, 2021 4:10:22 PM org.openqa.selenium.remote.ProtocolHandshake createSession
INFO: Detected dialect: W3C
]]></system-err>
  </testcase>
  <testcase name="flipkartCheckOutTest" classname="com.flipkart.qa.testcases.FlipkartCheckOutPageTest" time="3.77">
    <system-out><![CDATA[*** Test execution flipkartProceedToCheckoutTest failed...
flipkartProceedToCheckoutTest failed!
Before navigating to: 'https://www.flipkart.com/'
Navigated to:'https://www.flipkart.com/'
Trying to find Element By : By.xpath: //input[@class='_2IX_2- VJZDxU']
Found Element By : By.xpath: //input[@class='_2IX_2- VJZDxU']
Trying to find Element By : By.xpath: //input[@class='_2IX_2- _3mctLh VJZDxU']
Found Element By : By.xpath: //input[@class='_2IX_2- _3mctLh VJZDxU']
Trying to find Element By : By.xpath: //button[@class='_2KpZ6l _2HKlqd _3AWRsL']
Found Element By : By.xpath: //button[@class='_2KpZ6l _2HKlqd _3AWRsL']
Trying to click on: [[ChromeDriver: chrome on WINDOWS (29cc391090487fdb4dc9c124b3550310)] -> xpath: //button[@class='_2KpZ6l _2HKlqd _3AWRsL']]
Clicked on: [[ChromeDriver: chrome on WINDOWS (29cc391090487fdb4dc9c124b3550310)] -> xpath: //button[@class='_2KpZ6l _2HKlqd _3AWRsL']]
Trying to find Element By : By.xpath: //input[@class='_3704LK' and @title='Search for products, brands and more']
Found Element By : By.xpath: //input[@class='_3704LK' and @title='Search for products, brands and more']
Trying to find Element By : By.xpath: //button[@class='L0Z3Pu']
Found Element By : By.xpath: //button[@class='L0Z3Pu']
Trying to click on: [[ChromeDriver: chrome on WINDOWS (29cc391090487fdb4dc9c124b3550310)] -> xpath: //button[@class='L0Z3Pu']]
Clicked on: [[ChromeDriver: chrome on WINDOWS (29cc391090487fdb4dc9c124b3550310)] -> xpath: //button[@class='L0Z3Pu']]
Trying to find Element By : By.xpath: //div[text()='APPLE iPhone 11 (White, 64 GB)']
Found Element By : By.xpath: //div[text()='APPLE iPhone 11 (White, 64 GB)']
Trying to find Element By : By.xpath: //div[text()='APPLE iPhone 11 (White, 64 GB)']
Found Element By : By.xpath: //div[text()='APPLE iPhone 11 (White, 64 GB)']
Trying to click on: [[ChromeDriver: chrome on WINDOWS (29cc391090487fdb4dc9c124b3550310)] -> xpath: //div[text()='APPLE iPhone 11 (White, 64 GB)']]
Clicked on: [[ChromeDriver: chrome on WINDOWS (29cc391090487fdb4dc9c124b3550310)] -> xpath: //div[text()='APPLE iPhone 11 (White, 64 GB)']]
There are no children
The child window is CDwindow-A3D58EAF2087EFCE552DA3C6E6F906A1
Trying to find Element By : By.xpath: //button[text()='GO TO CART']
Found Element By : By.xpath: //button[text()='GO TO CART']
Trying to click on: [[ChromeDriver: chrome on WINDOWS (29cc391090487fdb4dc9c124b3550310)] -> xpath: //button[text()='GO TO CART']]
Clicked on: [[ChromeDriver: chrome on WINDOWS (29cc391090487fdb4dc9c124b3550310)] -> xpath: //button[text()='GO TO CART']]
inside wait
Trying to find Element By : By.xpath: //button[@class='_2KpZ6l _2ObVJD _3AWRsL']
Found Element By : By.xpath: //button[@class='_2KpZ6l _2ObVJD _3AWRsL']
Trying to find Element By : By.xpath: //button[@class='_2KpZ6l _2ObVJD _3AWRsL']
Found Element By : By.xpath: //button[@class='_2KpZ6l _2ObVJD _3AWRsL']
Trying to find Element By : By.xpath: //button[@class='_2KpZ6l _2ObVJD _3AWRsL']
Found Element By : By.xpath: //button[@class='_2KpZ6l _2ObVJD _3AWRsL']
Trying to click on: [[ChromeDriver: chrome on WINDOWS (29cc391090487fdb4dc9c124b3550310)] -> xpath: //button[@class='_2KpZ6l _2ObVJD _3AWRsL']]
Clicked on: [[ChromeDriver: chrome on WINDOWS (29cc391090487fdb4dc9c124b3550310)] -> xpath: //button[@class='_2KpZ6l _2ObVJD _3AWRsL']]
*** Running test method flipkartCheckOutTest...
Trying to find Element By : By.xpath: //button[text()='Deliver Here']
Found Element By : By.xpath: //button[text()='Deliver Here']
Trying to click on: [[ChromeDriver: chrome on WINDOWS (29cc391090487fdb4dc9c124b3550310)] -> xpath: //button[text()='Deliver Here']]
Clicked on: [[ChromeDriver: chrome on WINDOWS (29cc391090487fdb4dc9c124b3550310)] -> xpath: //button[text()='Deliver Here']]
Trying to find Element By : By.xpath: //button[text()='CONTINUE']
Found Element By : By.xpath: //button[text()='CONTINUE']
Trying to click on: [[ChromeDriver: chrome on WINDOWS (29cc391090487fdb4dc9c124b3550310)] -> xpath: //button[text()='CONTINUE']]
Clicked on: [[ChromeDriver: chrome on WINDOWS (29cc391090487fdb4dc9c124b3550310)] -> xpath: //button[text()='CONTINUE']]
Trying to find Element By : By.xpath: //div[text()='Credit / Debit / ATM Card']
Found Element By : By.xpath: //div[text()='Credit / Debit / ATM Card']
Trying to click on: [[ChromeDriver: chrome on WINDOWS (29cc391090487fdb4dc9c124b3550310)] -> xpath: //div[text()='Credit / Debit / ATM Card']]
Clicked on: [[ChromeDriver: chrome on WINDOWS (29cc391090487fdb4dc9c124b3550310)] -> xpath: //div[text()='Credit / Debit / ATM Card']]
Trying to find Element By : By.xpath: //input[@name='cardNumber']
Found Element By : By.xpath: //input[@name='cardNumber']
Trying to find Element By : By.xpath: //span[text()='Not a valid card number']
Found Element By : By.xpath: //span[text()='Not a valid card number']
Trying to find Element By : By.xpath: //span[text()='Not a valid card number']
Found Element By : By.xpath: //span[text()='Not a valid card number']
]]></system-out>
    <system-err><![CDATA[Starting ChromeDriver 88.0.4324.96 (68dba2d8a0b149a1d3afac56fa74648032bcf46b-refs/branch-heads/4324@{#1784}) on port 12051
Only local connections are allowed.
Please see https://chromedriver.chromium.org/security-considerations for suggestions on keeping ChromeDriver safe.
ChromeDriver was started successfully.
[1616064049.237][WARNING]: This version of ChromeDriver has not been tested with Chrome version 89.
Mar 18, 2021 4:10:49 PM org.openqa.selenium.remote.ProtocolHandshake createSession
INFO: Detected dialect: W3C
]]></system-err>
  </testcase>
</testsuite>