<?xml version="1.0" encoding="UTF-8"?>
<testng-results skipped="0" failed="0" total="9" passed="9">
  <reporter-output>
  </reporter-output>
  <suite name="Flipkart suite" duration-ms="243190" started-at="2021-03-19T10:30:23Z" finished-at="2021-03-19T10:34:26Z">
    <groups>
    </groups>
    <test name="Flipkart Test" duration-ms="243190" started-at="2021-03-19T10:30:23Z" finished-at="2021-03-19T10:34:26Z">
      <class name="com.flipkart.qa.testcases.FlipkartCartPageTest">
        <test-method status="PASS" signature="setup()[pri:0, instance:com.flipkart.qa.testcases.FlipkartCartPageTest@51b279c9]" name="setup" is-config="true" duration-ms="37146" started-at="2021-03-19T16:02:39Z" finished-at="2021-03-19T16:03:16Z">
          <reporter-output>
          </reporter-output>
        </test-method> <!-- setup -->
        <test-method status="PASS" signature="flipkartProceedToCheckoutTest()[pri:0, instance:com.flipkart.qa.testcases.FlipkartCartPageTest@51b279c9]" name="flipkartProceedToCheckoutTest" duration-ms="12550" started-at="2021-03-19T16:03:16Z" finished-at="2021-03-19T16:03:29Z">
          <reporter-output>
          </reporter-output>
        </test-method> <!-- flipkartProceedToCheckoutTest -->
        <test-method status="PASS" signature="tearDown()[pri:0, instance:com.flipkart.qa.testcases.FlipkartCartPageTest@51b279c9]" name="tearDown" is-config="true" duration-ms="1380" started-at="2021-03-19T16:03:29Z" finished-at="2021-03-19T16:03:31Z">
          <reporter-output>
          </reporter-output>
        </test-method> <!-- tearDown -->
      </class> <!-- com.flipkart.qa.testcases.FlipkartCartPageTest -->
      <class name="com.flipkart.qa.testcases.FlipkartCheckOutPageTest">
        <test-method status="PASS" signature="setup()[pri:0, instance:com.flipkart.qa.testcases.FlipkartCheckOutPageTest@3d0f8e03]" name="setup" is-config="true" duration-ms="41520" started-at="2021-03-19T16:03:31Z" finished-at="2021-03-19T16:04:12Z">
          <reporter-output>
          </reporter-output>
        </test-method> <!-- setup -->
        <test-method status="PASS" signature="flipkartCheckOutTest()[pri:0, instance:com.flipkart.qa.testcases.FlipkartCheckOutPageTest@3d0f8e03]" name="flipkartCheckOutTest" duration-ms="12455" started-at="2021-03-19T16:04:12Z" finished-at="2021-03-19T16:04:25Z">
          <reporter-output>
          </reporter-output>
        </test-method> <!-- flipkartCheckOutTest -->
        <test-method status="PASS" signature="tearDown()[pri:0, instance:com.flipkart.qa.testcases.FlipkartCheckOutPageTest@3d0f8e03]" name="tearDown" is-config="true" duration-ms="967" started-at="2021-03-19T16:04:25Z" finished-at="2021-03-19T16:04:26Z">
          <reporter-output>
          </reporter-output>
        </test-method> <!-- tearDown -->
      </class> <!-- com.flipkart.qa.testcases.FlipkartCheckOutPageTest -->
      <class name="com.flipkart.qa.testcases.FlipkartLoginPageTest">
        <test-method status="PASS" signature="setup()[pri:0, instance:com.flipkart.qa.testcases.FlipkartLoginPageTest@133e16fd]" name="setup" is-config="true" duration-ms="9332" started-at="2021-03-19T16:00:23Z" finished-at="2021-03-19T16:00:32Z">
          <reporter-output>
          </reporter-output>
        </test-method> <!-- setup -->
        <test-method status="PASS" signature="flipkartLoginTest()[pri:0, instance:com.flipkart.qa.testcases.FlipkartLoginPageTest@133e16fd]" name="flipkartLoginTest" duration-ms="2869" started-at="2021-03-19T16:00:32Z" finished-at="2021-03-19T16:00:35Z">
          <reporter-output>
          </reporter-output>
        </test-method> <!-- flipkartLoginTest -->
        <test-method status="PASS" signature="tearDown()[pri:0, instance:com.flipkart.qa.testcases.FlipkartLoginPageTest@133e16fd]" name="tearDown" is-config="true" duration-ms="1100" started-at="2021-03-19T16:00:39Z" finished-at="2021-03-19T16:00:40Z">
          <reporter-output>
          </reporter-output>
        </test-method> <!-- tearDown -->
        <test-method status="PASS" signature="setup()[pri:0, instance:com.flipkart.qa.testcases.FlipkartLoginPageTest@133e16fd]" name="setup" is-config="true" duration-ms="12349" started-at="2021-03-19T16:00:40Z" finished-at="2021-03-19T16:00:52Z">
          <reporter-output>
          </reporter-output>
        </test-method> <!-- setup -->
        <test-method status="PASS" signature="loginLogoTest()[pri:0, instance:com.flipkart.qa.testcases.FlipkartLoginPageTest@133e16fd]" name="loginLogoTest" duration-ms="135" started-at="2021-03-19T16:00:52Z" finished-at="2021-03-19T16:00:53Z">
          <reporter-output>
          </reporter-output>
        </test-method> <!-- loginLogoTest -->
        <test-method status="PASS" signature="tearDown()[pri:0, instance:com.flipkart.qa.testcases.FlipkartLoginPageTest@133e16fd]" name="tearDown" is-config="true" duration-ms="1042" started-at="2021-03-19T16:00:53Z" finished-at="2021-03-19T16:00:54Z">
          <reporter-output>
          </reporter-output>
        </test-method> <!-- tearDown -->
      </class> <!-- com.flipkart.qa.testcases.FlipkartLoginPageTest -->
      <class name="com.flipkart.qa.testcases.FlipkartHomePageTest">
        <test-method status="PASS" signature="setup()[pri:0, instance:com.flipkart.qa.testcases.FlipkartHomePageTest@1cab0bfb]" name="setup" is-config="true" duration-ms="11522" started-at="2021-03-19T16:00:54Z" finished-at="2021-03-19T16:01:06Z">
          <reporter-output>
          </reporter-output>
        </test-method> <!-- setup -->
        <test-method status="PASS" signature="flipkartHomePageLogoTest()[pri:0, instance:com.flipkart.qa.testcases.FlipkartHomePageTest@1cab0bfb]" name="flipkartHomePageLogoTest" duration-ms="101" started-at="2021-03-19T16:01:06Z" finished-at="2021-03-19T16:01:06Z">
          <reporter-output>
          </reporter-output>
        </test-method> <!-- flipkartHomePageLogoTest -->
        <test-method status="PASS" signature="tearDown()[pri:0, instance:com.flipkart.qa.testcases.FlipkartHomePageTest@1cab0bfb]" name="tearDown" is-config="true" duration-ms="866" started-at="2021-03-19T16:01:06Z" finished-at="2021-03-19T16:01:07Z">
          <reporter-output>
          </reporter-output>
        </test-method> <!-- tearDown -->
        <test-method status="PASS" signature="setup()[pri:0, instance:com.flipkart.qa.testcases.FlipkartHomePageTest@1cab0bfb]" name="setup" is-config="true" duration-ms="7643" started-at="2021-03-19T16:01:07Z" finished-at="2021-03-19T16:01:15Z">
          <reporter-output>
          </reporter-output>
        </test-method> <!-- setup -->
        <test-method status="PASS" signature="flipkartHomePageSearchProductAndSelectTest()[pri:0, instance:com.flipkart.qa.testcases.FlipkartHomePageTest@1cab0bfb]" name="flipkartHomePageSearchProductAndSelectTest" duration-ms="13884" started-at="2021-03-19T16:01:15Z" finished-at="2021-03-19T16:01:29Z">
          <reporter-output>
          </reporter-output>
        </test-method> <!-- flipkartHomePageSearchProductAndSelectTest -->
        <test-method status="PASS" signature="tearDown()[pri:0, instance:com.flipkart.qa.testcases.FlipkartHomePageTest@1cab0bfb]" name="tearDown" is-config="true" duration-ms="1066" started-at="2021-03-19T16:01:35Z" finished-at="2021-03-19T16:01:36Z">
          <reporter-output>
          </reporter-output>
        </test-method> <!-- tearDown -->
        <test-method status="PASS" signature="setup()[pri:0, instance:com.flipkart.qa.testcases.FlipkartHomePageTest@1cab0bfb]" name="setup" is-config="true" duration-ms="12534" started-at="2021-03-19T16:01:36Z" finished-at="2021-03-19T16:01:48Z">
          <reporter-output>
          </reporter-output>
        </test-method> <!-- setup -->
        <test-method status="PASS" signature="flipkartHomePageTitleTest()[pri:0, instance:com.flipkart.qa.testcases.FlipkartHomePageTest@1cab0bfb]" name="flipkartHomePageTitleTest" duration-ms="82" started-at="2021-03-19T16:01:48Z" finished-at="2021-03-19T16:01:48Z">
          <reporter-output>
          </reporter-output>
        </test-method> <!-- flipkartHomePageTitleTest -->
        <test-method status="PASS" signature="tearDown()[pri:0, instance:com.flipkart.qa.testcases.FlipkartHomePageTest@1cab0bfb]" name="tearDown" is-config="true" duration-ms="1019" started-at="2021-03-19T16:01:51Z" finished-at="2021-03-19T16:01:52Z">
          <reporter-output>
          </reporter-output>
        </test-method> <!-- tearDown -->
        <test-method status="PASS" signature="setup()[pri:0, instance:com.flipkart.qa.testcases.FlipkartHomePageTest@1cab0bfb]" name="setup" is-config="true" duration-ms="11621" started-at="2021-03-19T16:01:52Z" finished-at="2021-03-19T16:02:04Z">
          <reporter-output>
          </reporter-output>
        </test-method> <!-- setup -->
        <test-method status="PASS" signature="flipkartHomePageUserDetailsTest()[pri:0, instance:com.flipkart.qa.testcases.FlipkartHomePageTest@1cab0bfb]" name="flipkartHomePageUserDetailsTest" duration-ms="3807" started-at="2021-03-19T16:02:04Z" finished-at="2021-03-19T16:02:07Z">
          <reporter-output>
          </reporter-output>
        </test-method> <!-- flipkartHomePageUserDetailsTest -->
        <test-method status="PASS" signature="tearDown()[pri:0, instance:com.flipkart.qa.testcases.FlipkartHomePageTest@1cab0bfb]" name="tearDown" is-config="true" duration-ms="848" started-at="2021-03-19T16:02:08Z" finished-at="2021-03-19T16:02:09Z">
          <reporter-output>
          </reporter-output>
        </test-method> <!-- tearDown -->
      </class> <!-- com.flipkart.qa.testcases.FlipkartHomePageTest -->
      <class name="com.flipkart.qa.testcases.FlipkartItemDetailsPageTest">
        <test-method status="PASS" signature="setup()[pri:0, instance:com.flipkart.qa.testcases.FlipkartItemDetailsPageTest@5e955596]" name="setup" is-config="true" duration-ms="23527" started-at="2021-03-19T16:02:09Z" finished-at="2021-03-19T16:02:32Z">
          <reporter-output>
          </reporter-output>
        </test-method> <!-- setup -->
        <test-method status="PASS" signature="flipkartItemDetailsPageAddToCartTest()[pri:0, instance:com.flipkart.qa.testcases.FlipkartItemDetailsPageTest@5e955596]" name="flipkartItemDetailsPageAddToCartTest" duration-ms="5500" started-at="2021-03-19T16:02:32Z" finished-at="2021-03-19T16:02:38Z">
          <reporter-output>
          </reporter-output>
        </test-method> <!-- flipkartItemDetailsPageAddToCartTest -->
        <test-method status="PASS" signature="tearDown()[pri:0, instance:com.flipkart.qa.testcases.FlipkartItemDetailsPageTest@5e955596]" name="tearDown" is-config="true" duration-ms="987" started-at="2021-03-19T16:02:38Z" finished-at="2021-03-19T16:02:39Z">
          <reporter-output>
          </reporter-output>
        </test-method> <!-- tearDown -->
      </class> <!-- com.flipkart.qa.testcases.FlipkartItemDetailsPageTest -->
    </test> <!-- Flipkart Test -->
  </suite> <!-- Flipkart suite -->
</testng-results>
