<?xml version="1.0" encoding="UTF-8"?>
<testng-results skipped="0" failed="0" total="9" passed="9">
  <reporter-output>
  </reporter-output>
  <suite name="Flipkart suite" duration-ms="187925" started-at="2021-03-19T10:34:45Z" finished-at="2021-03-19T10:37:53Z">
    <groups>
    </groups>
    <test name="Flipkart Test" duration-ms="187925" started-at="2021-03-19T10:34:45Z" finished-at="2021-03-19T10:37:53Z">
      <class name="com.flipkart.qa.testcases.FlipkartCartPageTest">
        <test-method status="PASS" signature="setup()[pri:0, instance:com.flipkart.qa.testcases.FlipkartCartPageTest@1372ed45]" name="setup" is-config="true" duration-ms="27654" started-at="2021-03-19T16:06:36Z" finished-at="2021-03-19T16:07:03Z">
          <reporter-output>
          </reporter-output>
        </test-method> <!-- setup -->
        <test-method status="PASS" signature="flipkartProceedToCheckoutTest()[pri:0, instance:com.flipkart.qa.testcases.FlipkartCartPageTest@1372ed45]" name="flipkartProceedToCheckoutTest" duration-ms="2836" started-at="2021-03-19T16:07:03Z" finished-at="2021-03-19T16:07:06Z">
          <reporter-output>
          </reporter-output>
        </test-method> <!-- flipkartProceedToCheckoutTest -->
        <test-method status="PASS" signature="tearDown()[pri:0, instance:com.flipkart.qa.testcases.FlipkartCartPageTest@1372ed45]" name="tearDown" is-config="true" duration-ms="1009" started-at="2021-03-19T16:07:06Z" finished-at="2021-03-19T16:07:07Z">
          <reporter-output>
          </reporter-output>
        </test-method> <!-- tearDown -->
      </class> <!-- com.flipkart.qa.testcases.FlipkartCartPageTest -->
      <class name="com.flipkart.qa.testcases.FlipkartCheckOutPageTest">
        <test-method status="PASS" signature="setup()[pri:0, instance:com.flipkart.qa.testcases.FlipkartCheckOutPageTest@49e202ad]" name="setup" is-config="true" duration-ms="31990" started-at="2021-03-19T16:07:07Z" finished-at="2021-03-19T16:07:39Z">
          <reporter-output>
          </reporter-output>
        </test-method> <!-- setup -->
        <test-method status="PASS" signature="flipkartCheckOutTest()[pri:0, instance:com.flipkart.qa.testcases.FlipkartCheckOutPageTest@49e202ad]" name="flipkartCheckOutTest" duration-ms="11780" started-at="2021-03-19T16:07:39Z" finished-at="2021-03-19T16:07:51Z">
          <reporter-output>
          </reporter-output>
        </test-method> <!-- flipkartCheckOutTest -->
        <test-method status="PASS" signature="tearDown()[pri:0, instance:com.flipkart.qa.testcases.FlipkartCheckOutPageTest@49e202ad]" name="tearDown" is-config="true" duration-ms="924" started-at="2021-03-19T16:07:52Z" finished-at="2021-03-19T16:07:53Z">
          <reporter-output>
          </reporter-output>
        </test-method> <!-- tearDown -->
      </class> <!-- com.flipkart.qa.testcases.FlipkartCheckOutPageTest -->
      <class name="com.flipkart.qa.testcases.FlipkartLoginPageTest">
        <test-method status="PASS" signature="setup()[pri:0, instance:com.flipkart.qa.testcases.FlipkartLoginPageTest@453da22c]" name="setup" is-config="true" duration-ms="9366" started-at="2021-03-19T16:04:45Z" finished-at="2021-03-19T16:04:54Z">
          <reporter-output>
          </reporter-output>
        </test-method> <!-- setup -->
        <test-method status="PASS" signature="flipkartLoginTest()[pri:0, instance:com.flipkart.qa.testcases.FlipkartLoginPageTest@453da22c]" name="flipkartLoginTest" duration-ms="4311" started-at="2021-03-19T16:04:54Z" finished-at="2021-03-19T16:04:58Z">
          <reporter-output>
          </reporter-output>
        </test-method> <!-- flipkartLoginTest -->
        <test-method status="PASS" signature="tearDown()[pri:0, instance:com.flipkart.qa.testcases.FlipkartLoginPageTest@453da22c]" name="tearDown" is-config="true" duration-ms="918" started-at="2021-03-19T16:05:01Z" finished-at="2021-03-19T16:05:02Z">
          <reporter-output>
          </reporter-output>
        </test-method> <!-- tearDown -->
        <test-method status="PASS" signature="setup()[pri:0, instance:com.flipkart.qa.testcases.FlipkartLoginPageTest@453da22c]" name="setup" is-config="true" duration-ms="7039" started-at="2021-03-19T16:05:02Z" finished-at="2021-03-19T16:05:09Z">
          <reporter-output>
          </reporter-output>
        </test-method> <!-- setup -->
        <test-method status="PASS" signature="loginLogoTest()[pri:0, instance:com.flipkart.qa.testcases.FlipkartLoginPageTest@453da22c]" name="loginLogoTest" duration-ms="159" started-at="2021-03-19T16:05:09Z" finished-at="2021-03-19T16:05:10Z">
          <reporter-output>
          </reporter-output>
        </test-method> <!-- loginLogoTest -->
        <test-method status="PASS" signature="tearDown()[pri:0, instance:com.flipkart.qa.testcases.FlipkartLoginPageTest@453da22c]" name="tearDown" is-config="true" duration-ms="1237" started-at="2021-03-19T16:05:10Z" finished-at="2021-03-19T16:05:11Z">
          <reporter-output>
          </reporter-output>
        </test-method> <!-- tearDown -->
      </class> <!-- com.flipkart.qa.testcases.FlipkartLoginPageTest -->
      <class name="com.flipkart.qa.testcases.FlipkartHomePageTest">
        <test-method status="PASS" signature="setup()[pri:0, instance:com.flipkart.qa.testcases.FlipkartHomePageTest@6166e06f]" name="setup" is-config="true" duration-ms="7749" started-at="2021-03-19T16:05:11Z" finished-at="2021-03-19T16:05:19Z">
          <reporter-output>
          </reporter-output>
        </test-method> <!-- setup -->
        <test-method status="PASS" signature="flipkartHomePageLogoTest()[pri:0, instance:com.flipkart.qa.testcases.FlipkartHomePageTest@6166e06f]" name="flipkartHomePageLogoTest" duration-ms="162" started-at="2021-03-19T16:05:19Z" finished-at="2021-03-19T16:05:19Z">
          <reporter-output>
          </reporter-output>
        </test-method> <!-- flipkartHomePageLogoTest -->
        <test-method status="PASS" signature="tearDown()[pri:0, instance:com.flipkart.qa.testcases.FlipkartHomePageTest@6166e06f]" name="tearDown" is-config="true" duration-ms="953" started-at="2021-03-19T16:05:22Z" finished-at="2021-03-19T16:05:23Z">
          <reporter-output>
          </reporter-output>
        </test-method> <!-- tearDown -->
        <test-method status="PASS" signature="setup()[pri:0, instance:com.flipkart.qa.testcases.FlipkartHomePageTest@6166e06f]" name="setup" is-config="true" duration-ms="8505" started-at="2021-03-19T16:05:23Z" finished-at="2021-03-19T16:05:32Z">
          <reporter-output>
          </reporter-output>
        </test-method> <!-- setup -->
        <test-method status="PASS" signature="flipkartHomePageSearchProductAndSelectTest()[pri:0, instance:com.flipkart.qa.testcases.FlipkartHomePageTest@6166e06f]" name="flipkartHomePageSearchProductAndSelectTest" duration-ms="12142" started-at="2021-03-19T16:05:32Z" finished-at="2021-03-19T16:05:44Z">
          <reporter-output>
          </reporter-output>
        </test-method> <!-- flipkartHomePageSearchProductAndSelectTest -->
        <test-method status="PASS" signature="tearDown()[pri:0, instance:com.flipkart.qa.testcases.FlipkartHomePageTest@6166e06f]" name="tearDown" is-config="true" duration-ms="1046" started-at="2021-03-19T16:05:48Z" finished-at="2021-03-19T16:05:49Z">
          <reporter-output>
          </reporter-output>
        </test-method> <!-- tearDown -->
        <test-method status="PASS" signature="setup()[pri:0, instance:com.flipkart.qa.testcases.FlipkartHomePageTest@6166e06f]" name="setup" is-config="true" duration-ms="7643" started-at="2021-03-19T16:05:49Z" finished-at="2021-03-19T16:05:57Z">
          <reporter-output>
          </reporter-output>
        </test-method> <!-- setup -->
        <test-method status="PASS" signature="flipkartHomePageTitleTest()[pri:0, instance:com.flipkart.qa.testcases.FlipkartHomePageTest@6166e06f]" name="flipkartHomePageTitleTest" duration-ms="94" started-at="2021-03-19T16:05:57Z" finished-at="2021-03-19T16:05:57Z">
          <reporter-output>
          </reporter-output>
        </test-method> <!-- flipkartHomePageTitleTest -->
        <test-method status="PASS" signature="tearDown()[pri:0, instance:com.flipkart.qa.testcases.FlipkartHomePageTest@6166e06f]" name="tearDown" is-config="true" duration-ms="892" started-at="2021-03-19T16:05:57Z" finished-at="2021-03-19T16:05:58Z">
          <reporter-output>
          </reporter-output>
        </test-method> <!-- tearDown -->
        <test-method status="PASS" signature="setup()[pri:0, instance:com.flipkart.qa.testcases.FlipkartHomePageTest@6166e06f]" name="setup" is-config="true" duration-ms="8015" started-at="2021-03-19T16:05:58Z" finished-at="2021-03-19T16:06:06Z">
          <reporter-output>
          </reporter-output>
        </test-method> <!-- setup -->
        <test-method status="PASS" signature="flipkartHomePageUserDetailsTest()[pri:0, instance:com.flipkart.qa.testcases.FlipkartHomePageTest@6166e06f]" name="flipkartHomePageUserDetailsTest" duration-ms="3387" started-at="2021-03-19T16:06:06Z" finished-at="2021-03-19T16:06:10Z">
          <reporter-output>
          </reporter-output>
        </test-method> <!-- flipkartHomePageUserDetailsTest -->
        <test-method status="PASS" signature="tearDown()[pri:0, instance:com.flipkart.qa.testcases.FlipkartHomePageTest@6166e06f]" name="tearDown" is-config="true" duration-ms="855" started-at="2021-03-19T16:06:10Z" finished-at="2021-03-19T16:06:11Z">
          <reporter-output>
          </reporter-output>
        </test-method> <!-- tearDown -->
      </class> <!-- com.flipkart.qa.testcases.FlipkartHomePageTest -->
      <class name="com.flipkart.qa.testcases.FlipkartItemDetailsPageTest">
        <test-method status="PASS" signature="setup()[pri:0, instance:com.flipkart.qa.testcases.FlipkartItemDetailsPageTest@71248c21]" name="setup" is-config="true" duration-ms="20099" started-at="2021-03-19T16:06:11Z" finished-at="2021-03-19T16:06:31Z">
          <reporter-output>
          </reporter-output>
        </test-method> <!-- setup -->
        <test-method status="PASS" signature="flipkartItemDetailsPageAddToCartTest()[pri:0, instance:com.flipkart.qa.testcases.FlipkartItemDetailsPageTest@71248c21]" name="flipkartItemDetailsPageAddToCartTest" duration-ms="2928" started-at="2021-03-19T16:06:31Z" finished-at="2021-03-19T16:06:34Z">
          <reporter-output>
          </reporter-output>
        </test-method> <!-- flipkartItemDetailsPageAddToCartTest -->
        <test-method status="PASS" signature="tearDown()[pri:0, instance:com.flipkart.qa.testcases.FlipkartItemDetailsPageTest@71248c21]" name="tearDown" is-config="true" duration-ms="1040" started-at="2021-03-19T16:06:35Z" finished-at="2021-03-19T16:06:36Z">
          <reporter-output>
          </reporter-output>
        </test-method> <!-- tearDown -->
      </class> <!-- com.flipkart.qa.testcases.FlipkartItemDetailsPageTest -->
    </test> <!-- Flipkart Test -->
  </suite> <!-- Flipkart suite -->
</testng-results>
