<?xml version="1.0" encoding="UTF-8"?>
<!-- Generated by org.testng.reporters.JUnitXMLReporter -->
<testsuite hostname="Sreekumar" name="Flipkart Test" tests="9" failures="0" timestamp="19 Mar 2021 10:37:53 GMT" time="187.925" errors="0">
  <testcase name="flipkartLoginTest" time="4.311" classname="com.flipkart.qa.testcases.FlipkartLoginPageTest"/>
  <testcase name="loginLogoTest" time="0.159" classname="com.flipkart.qa.testcases.FlipkartLoginPageTest"/>
  <testcase name="flipkartHomePageLogoTest" time="0.162" classname="com.flipkart.qa.testcases.FlipkartHomePageTest"/>
  <testcase name="flipkartHomePageSearchProductAndSelectTest" time="12.142" classname="com.flipkart.qa.testcases.FlipkartHomePageTest"/>
  <testcase name="flipkartHomePageTitleTest" time="0.094" classname="com.flipkart.qa.testcases.FlipkartHomePageTest"/>
  <testcase name="flipkartHomePageUserDetailsTest" time="3.387" classname="com.flipkart.qa.testcases.FlipkartHomePageTest"/>
  <testcase name="flipkartItemDetailsPageAddToCartTest" time="2.928" classname="com.flipkart.qa.testcases.FlipkartItemDetailsPageTest"/>
  <testcase name="flipkartProceedToCheckoutTest" time="2.836" classname="com.flipkart.qa.testcases.FlipkartCartPageTest"/>
  <testcase name="flipkartCheckOutTest" time="11.78" classname="com.flipkart.qa.testcases.FlipkartCheckOutPageTest"/>
</testsuite> <!-- Flipkart Test -->
